May-25 22:39:44.941 [main] DEBUG nextflow.cli.Launcher - $> nextflow run nextflow_framework/alignment/alignment_pipeline.nf -with-dag dag.png
May-25 22:39:44.998 [main] DEBUG nextflow.cli.CmdRun - N E X T F L O W  ~  version 25.04.2
May-25 22:39:45.011 [main] DEBUG nextflow.plugin.PluginsFacade - Setting up plugin manager > mode=prod; embedded=false; plugins-dir=/Users/anastasiamrv/.nextflow/plugins; core-plugins: nf-amazon@2.15.0,nf-azure@1.16.0,nf-cloudcache@0.4.3,nf-codecommit@0.2.3,nf-console@1.2.1,nf-google@1.21.0,nf-k8s@1.0.0,nf-tower@1.11.2,nf-wave@1.12.1
May-25 22:39:45.031 [main] INFO  o.pf4j.DefaultPluginStatusProvider - Enabled plugins: []
May-25 22:39:45.032 [main] INFO  o.pf4j.DefaultPluginStatusProvider - Disabled plugins: []
May-25 22:39:45.033 [main] INFO  org.pf4j.DefaultPluginManager - PF4J version 3.12.0 in 'deployment' mode
May-25 22:39:45.039 [main] INFO  org.pf4j.AbstractPluginManager - No plugins
May-25 22:39:45.069 [main] DEBUG nextflow.cli.CmdRun - Applied DSL=2 by global default
May-25 22:39:45.078 [main] DEBUG nextflow.cli.CmdRun - Launching `nextflow_framework/alignment/alignment_pipeline.nf` [amazing_babbage] DSL2 - revision: d5dca9bdf5
May-25 22:39:45.079 [main] DEBUG nextflow.plugin.PluginsFacade - Plugins default=[]
May-25 22:39:45.079 [main] DEBUG nextflow.plugin.PluginsFacade - Plugins resolved requirement=[]
May-25 22:39:45.111 [main] DEBUG nextflow.Session - Session UUID: db71c6ea-307d-459e-a1e8-c9af8d064026
May-25 22:39:45.111 [main] DEBUG nextflow.Session - Run name: amazing_babbage
May-25 22:39:45.111 [main] DEBUG nextflow.Session - Executor pool size: 12
May-25 22:39:45.116 [main] DEBUG nextflow.file.FilePorter - File porter settings maxRetries=3; maxTransfers=50; pollTimeout=null
May-25 22:39:45.119 [main] DEBUG nextflow.util.ThreadPoolBuilder - Creating thread pool 'FileTransfer' minSize=10; maxSize=36; workQueue=LinkedBlockingQueue[-1]; allowCoreThreadTimeout=false
May-25 22:39:50.138 [main] DEBUG nextflow.cli.CmdRun - 
  Version: 25.04.2 build 5947
  Created: 13-05-2025 21:58 UTC (14-05-2025 04:58 NOVST)
  System: Mac OS X 14.5
  Runtime: Groovy 4.0.26 on OpenJDK 64-Bit Server VM 21.0.7
  Encoding: UTF-8 (UTF-8)
  Process: 47252@MacBook-Pro.local [192.168.0.14]
  CPUs: 12 - Mem: 36 GB (3.3 GB) - Swap: 3 GB (1.7 GB)
May-25 22:39:50.146 [main] DEBUG nextflow.Session - Work-dir: /Users/anastasiamrv/IdeaProjectsNSU/bioinf/Lab3/work [Mac OS X]
May-25 22:39:50.146 [main] DEBUG nextflow.Session - Script base path does not exist or is not a directory: /Users/anastasiamrv/IdeaProjectsNSU/bioinf/Lab3/nextflow_framework/alignment/bin
May-25 22:39:50.155 [main] DEBUG nextflow.executor.ExecutorFactory - Extension executors providers=[]
May-25 22:39:50.159 [main] DEBUG nextflow.Session - Observer factory: DefaultObserverFactory
May-25 22:39:50.166 [main] DEBUG nextflow.Session - Observer factory (v2): LinObserverFactory
May-25 22:39:50.178 [main] DEBUG nextflow.cache.CacheFactory - Using Nextflow cache factory: nextflow.cache.DefaultCacheFactory
May-25 22:39:50.183 [main] DEBUG nextflow.util.CustomThreadPool - Creating default thread pool > poolSize: 13; maxThreads: 1000
May-25 22:39:50.211 [main] DEBUG nextflow.Session - Session start
May-25 22:39:50.766 [main] DEBUG nextflow.script.ScriptRunner - > Launching execution
May-25 22:39:50.778 [main] DEBUG n.secret.LocalSecretsProvider - Secrets store: /Users/anastasiamrv/.nextflow/secrets/store.json
May-25 22:39:50.787 [main] DEBUG nextflow.secret.SecretsLoader - Discovered secrets providers: [nextflow.secret.LocalSecretsProvider@5e50df2e] - activable => nextflow.secret.LocalSecretsProvider@5e50df2e
May-25 22:39:50.872 [main] DEBUG nextflow.executor.ExecutorFactory - << taskConfig executor: null
May-25 22:39:50.873 [main] DEBUG nextflow.executor.ExecutorFactory - >> processorType: 'local'
May-25 22:39:50.876 [main] DEBUG nextflow.executor.Executor - [warm up] executor > local
May-25 22:39:50.879 [main] DEBUG n.processor.LocalPollingMonitor - Creating local task monitor for executor 'local' > cpus=12; memory=36 GB; capacity=12; pollInterval=100ms; dumpInterval=5m
May-25 22:39:50.881 [main] DEBUG n.processor.TaskPollingMonitor - >>> barrier register (monitor: local)
May-25 22:39:50.897 [main] DEBUG nextflow.processor.TaskProcessor - Creating process 'fastqc_analysis': maxForks=0; fair=false; array=0
May-25 22:39:50.919 [main] DEBUG nextflow.executor.ExecutorFactory - << taskConfig executor: null
May-25 22:39:50.919 [main] DEBUG nextflow.executor.ExecutorFactory - >> processorType: 'local'
May-25 22:39:50.920 [main] DEBUG nextflow.processor.TaskProcessor - Creating process 'build_index': maxForks=0; fair=false; array=0
May-25 22:39:50.922 [main] DEBUG nextflow.executor.ExecutorFactory - << taskConfig executor: null
May-25 22:39:50.922 [main] DEBUG nextflow.executor.ExecutorFactory - >> processorType: 'local'
May-25 22:39:50.922 [main] DEBUG nextflow.processor.TaskProcessor - Creating process 'align_reads': maxForks=0; fair=false; array=0
May-25 22:39:50.925 [main] DEBUG nextflow.executor.ExecutorFactory - << taskConfig executor: null
May-25 22:39:50.925 [main] DEBUG nextflow.executor.ExecutorFactory - >> processorType: 'local'
May-25 22:39:50.925 [main] DEBUG nextflow.processor.TaskProcessor - Creating process 'alignment_stats': maxForks=0; fair=false; array=0
May-25 22:39:50.929 [main] DEBUG nextflow.executor.ExecutorFactory - << taskConfig executor: null
May-25 22:39:50.929 [main] DEBUG nextflow.executor.ExecutorFactory - >> processorType: 'local'
May-25 22:39:50.930 [main] DEBUG nextflow.processor.TaskProcessor - Creating process 'sort_bam': maxForks=0; fair=false; array=0
May-25 22:39:50.932 [main] DEBUG nextflow.executor.ExecutorFactory - << taskConfig executor: null
May-25 22:39:50.932 [main] DEBUG nextflow.executor.ExecutorFactory - >> processorType: 'local'
May-25 22:39:50.933 [main] DEBUG nextflow.processor.TaskProcessor - Creating process 'freebayes': maxForks=0; fair=false; array=0
May-25 22:39:50.935 [main] DEBUG nextflow.executor.ExecutorFactory - << taskConfig executor: null
May-25 22:39:50.935 [main] DEBUG nextflow.executor.ExecutorFactory - >> processorType: 'local'
May-25 22:39:50.936 [main] DEBUG nextflow.processor.TaskProcessor - Creating process 'completion_message': maxForks=0; fair=false; array=0
May-25 22:39:50.937 [main] DEBUG nextflow.Session - Workflow process names [dsl2]: completion_message, fastqc_analysis, alignment_stats, build_index, freebayes, align_reads, sort_bam
May-25 22:39:50.938 [main] DEBUG nextflow.Session - Igniting dataflow network (7)
May-25 22:39:50.938 [main] DEBUG nextflow.processor.TaskProcessor - Starting process > fastqc_analysis
May-25 22:39:50.938 [main] DEBUG nextflow.processor.TaskProcessor - Starting process > build_index
May-25 22:39:50.938 [main] DEBUG nextflow.processor.TaskProcessor - Starting process > align_reads
May-25 22:39:50.939 [main] DEBUG nextflow.processor.TaskProcessor - Starting process > alignment_stats
May-25 22:39:50.939 [main] DEBUG nextflow.processor.TaskProcessor - Starting process > sort_bam
May-25 22:39:50.939 [main] DEBUG nextflow.processor.TaskProcessor - Starting process > freebayes
May-25 22:39:50.939 [main] DEBUG nextflow.processor.TaskProcessor - Starting process > completion_message
May-25 22:39:50.939 [main] DEBUG nextflow.script.ScriptRunner - Parsed script files:
  Script_efd2cf0b9a304633: /Users/anastasiamrv/IdeaProjectsNSU/bioinf/Lab3/nextflow_framework/alignment/alignment_pipeline.nf
May-25 22:39:50.939 [main] DEBUG nextflow.script.ScriptRunner - > Awaiting termination 
May-25 22:39:50.939 [main] DEBUG nextflow.Session - Session await
May-25 22:39:51.012 [Task submitter] DEBUG n.executor.local.LocalTaskHandler - Launch cmd line: /bin/bash -ue .command.run
May-25 22:39:51.013 [Task submitter] INFO  nextflow.Session - [53/ce48ff] Submitted process > fastqc_analysis
May-25 22:39:51.019 [Task submitter] DEBUG n.executor.local.LocalTaskHandler - Launch cmd line: /bin/bash -ue .command.run
May-25 22:39:51.020 [Task submitter] INFO  nextflow.Session - [23/a10b23] Submitted process > build_index
May-25 22:39:51.023 [Task submitter] DEBUG n.executor.local.LocalTaskHandler - Launch cmd line: /bin/bash -ue .command.run
May-25 22:39:51.023 [Task submitter] INFO  nextflow.Session - [34/d7059e] Submitted process > completion_message
May-25 22:39:51.048 [Task monitor] DEBUG n.processor.TaskPollingMonitor - Task completed > TaskHandler[id: 1; name: completion_message; status: COMPLETED; exit: 0; error: -; workDir: /Users/anastasiamrv/IdeaProjectsNSU/bioinf/Lab3/work/34/d7059e9c78797f6dbe68d4a0038465]
May-25 22:39:51.048 [Task monitor] DEBUG nextflow.util.ThreadPoolBuilder - Creating thread pool 'TaskFinalizer' minSize=10; maxSize=36; workQueue=LinkedBlockingQueue[-1]; allowCoreThreadTimeout=false
May-25 22:39:51.177 [Task monitor] DEBUG n.processor.TaskPollingMonitor - Task completed > TaskHandler[id: 3; name: build_index; status: COMPLETED; exit: 0; error: -; workDir: /Users/anastasiamrv/IdeaProjectsNSU/bioinf/Lab3/work/23/a10b2307ac5f2c6097c1eb15957584]
May-25 22:39:51.197 [Task submitter] DEBUG n.executor.local.LocalTaskHandler - Launch cmd line: /bin/bash -ue .command.run
May-25 22:39:51.198 [Task submitter] INFO  nextflow.Session - [d1/c72820] Submitted process > align_reads
May-25 22:39:51.201 [TaskFinalizer-2] DEBUG nextflow.util.ThreadPoolBuilder - Creating thread pool 'PublishDir' minSize=10; maxSize=36; workQueue=LinkedBlockingQueue[-1]; allowCoreThreadTimeout=false
May-25 22:40:05.590 [Task monitor] DEBUG n.processor.TaskPollingMonitor - Task completed > TaskHandler[id: 2; name: fastqc_analysis; status: COMPLETED; exit: 0; error: -; workDir: /Users/anastasiamrv/IdeaProjectsNSU/bioinf/Lab3/work/53/ce48ff36aa9c5b8d63876cfa00ae84]
May-25 22:40:18.643 [Task monitor] DEBUG n.processor.TaskPollingMonitor - Task completed > TaskHandler[id: 4; name: align_reads; status: COMPLETED; exit: 0; error: -; workDir: /Users/anastasiamrv/IdeaProjectsNSU/bioinf/Lab3/work/d1/c72820e662d97b34111435659059d4]
May-25 22:40:18.664 [Task submitter] DEBUG n.executor.local.LocalTaskHandler - Launch cmd line: /bin/bash -ue .command.run
May-25 22:40:18.664 [Task submitter] INFO  nextflow.Session - [4d/e26fe6] Submitted process > alignment_stats
May-25 22:40:28.381 [Task monitor] DEBUG n.processor.TaskPollingMonitor - Task completed > TaskHandler[id: 5; name: alignment_stats; status: COMPLETED; exit: 0; error: -; workDir: /Users/anastasiamrv/IdeaProjectsNSU/bioinf/Lab3/work/4d/e26fe63055914be222d1da31ad2393]
May-25 22:40:28.396 [Task submitter] DEBUG n.executor.local.LocalTaskHandler - Launch cmd line: /bin/bash -ue .command.run
May-25 22:40:28.397 [Task submitter] INFO  nextflow.Session - [b9/3c505a] Submitted process > sort_bam
May-25 22:40:36.811 [Task monitor] DEBUG n.processor.TaskPollingMonitor - Task completed > TaskHandler[id: 6; name: sort_bam; status: COMPLETED; exit: 0; error: -; workDir: /Users/anastasiamrv/IdeaProjectsNSU/bioinf/Lab3/work/b9/3c505a3515350091109aa12854508a]
May-25 22:40:36.822 [Task submitter] DEBUG n.executor.local.LocalTaskHandler - Launch cmd line: /bin/bash -ue .command.run
May-25 22:40:36.822 [Task submitter] INFO  nextflow.Session - [b0/2f26af] Submitted process > freebayes
May-25 22:44:51.082 [Task monitor] DEBUG n.processor.TaskPollingMonitor - !! executor local > tasks to be completed: 1 -- submitted tasks are shown below
~> TaskHandler[id: 7; name: freebayes; status: RUNNING; exit: -; error: -; workDir: /Users/anastasiamrv/IdeaProjectsNSU/bioinf/Lab3/work/b0/2f26afa611e342b8c8b244ffc29451]
May-25 22:49:24.864 [Task monitor] DEBUG n.processor.TaskPollingMonitor - Task completed > TaskHandler[id: 7; name: freebayes; status: COMPLETED; exit: 0; error: -; workDir: /Users/anastasiamrv/IdeaProjectsNSU/bioinf/Lab3/work/b0/2f26afa611e342b8c8b244ffc29451]
May-25 22:49:24.866 [main] DEBUG nextflow.Session - Session await > all processes finished
May-25 22:49:24.969 [Task monitor] DEBUG n.processor.TaskPollingMonitor - <<< barrier arrives (monitor: local) - terminating tasks monitor poll loop
May-25 22:49:24.969 [main] DEBUG nextflow.Session - Session await > all barriers passed
May-25 22:49:24.971 [main] DEBUG nextflow.util.ThreadPoolManager - Thread pool 'TaskFinalizer' shutdown completed (hard=false)
May-25 22:49:24.971 [main] DEBUG nextflow.util.ThreadPoolManager - Thread pool 'PublishDir' shutdown completed (hard=false)
May-25 22:49:24.976 [main] DEBUG n.trace.WorkflowStatsObserver - Workflow completed > WorkflowStats[succeededCount=7; failedCount=0; ignoredCount=0; cachedCount=0; pendingCount=0; submittedCount=0; runningCount=0; retriesCount=0; abortedCount=0; succeedDuration=9m 48s; failedDuration=0ms; cachedDuration=0ms;loadCpus=0; loadMemory=0; peakRunning=3; peakCpus=3; peakMemory=0; ]
May-25 22:49:25.297 [main] DEBUG nextflow.cache.CacheDB - Closing CacheDB done
May-25 22:49:25.308 [main] DEBUG nextflow.util.ThreadPoolManager - Thread pool 'FileTransfer' shutdown completed (hard=false)
May-25 22:49:25.308 [main] DEBUG nextflow.script.ScriptRunner - > Execution complete -- Goodbye
